2017-09-11 09:55:20.559  INFO 27311 --- [main] i.c.i.InteligentPotApplication           : Starting InteligentPotApplication on juranetbook-IdeaPad-S210-Touch with PID 27311 (/home/jura-netbook/Documents/JAVA/inteligent-pot/target/classes started by jura-netbook in /home/jura-netbook/Documents/JAVA/inteligent-pot)
2017-09-11 09:55:20.568  INFO 27311 --- [main] i.c.i.InteligentPotApplication           : No active profile set, falling back to default profiles: default
2017-09-11 09:55:20.676  INFO 27311 --- [main] s.c.a.AnnotationConfigApplicationContext : Refreshing org.springframework.context.annotation.AnnotationConfigApplicationContext@6385cb26: startup date [Mon Sep 11 09:55:20 CEST 2017]; root of context hierarchy
2017-09-11 09:55:21.811  INFO 27311 --- [main] o.s.j.e.a.AnnotationMBeanExporter        : Registering beans for JMX exposure on startup
2017-09-11 09:55:21.844  INFO 27311 --- [main] i.c.i.InteligentPotApplication           : Started InteligentPotApplication in 2.136 seconds (JVM running for 3.344)
2017-09-11 09:55:21.845  INFO 27311 --- [Thread-2] s.c.a.AnnotationConfigApplicationContext : Closing org.springframework.context.annotation.AnnotationConfigApplicationContext@6385cb26: startup date [Mon Sep 11 09:55:20 CEST 2017]; root of context hierarchy
2017-09-11 09:55:21.857  INFO 27311 --- [Thread-2] o.s.j.e.a.AnnotationMBeanExporter        : Unregistering JMX-exposed beans on shutdown
2017-09-11 10:06:44.246  INFO 27822 --- [main] i.c.i.InteligentPotApplication           : Starting InteligentPotApplication on juranetbook-IdeaPad-S210-Touch with PID 27822 (/home/jura-netbook/Documents/JAVA/inteligent-pot/target/classes started by jura-netbook in /home/jura-netbook/Documents/JAVA/inteligent-pot)
2017-09-11 10:06:44.255  INFO 27822 --- [main] i.c.i.InteligentPotApplication           : No active profile set, falling back to default profiles: default
2017-09-11 10:06:44.385  INFO 27822 --- [main] s.c.a.AnnotationConfigApplicationContext : Refreshing org.springframework.context.annotation.AnnotationConfigApplicationContext@6385cb26: startup date [Mon Sep 11 10:06:44 CEST 2017]; root of context hierarchy
2017-09-11 10:06:45.708  INFO 27822 --- [main] o.s.j.e.a.AnnotationMBeanExporter        : Registering beans for JMX exposure on startup
2017-09-11 10:06:45.753  INFO 27822 --- [main] i.c.i.InteligentPotApplication           : Started InteligentPotApplication in 1.898 seconds (JVM running for 3.293)
2017-09-11 10:06:45.755  INFO 27822 --- [Thread-2] s.c.a.AnnotationConfigApplicationContext : Closing org.springframework.context.annotation.AnnotationConfigApplicationContext@6385cb26: startup date [Mon Sep 11 10:06:44 CEST 2017]; root of context hierarchy
2017-09-11 10:06:45.768  INFO 27822 --- [Thread-2] o.s.j.e.a.AnnotationMBeanExporter        : Unregistering JMX-exposed beans on shutdown
2017-09-11 10:07:43.675  INFO 27902 --- [main] i.c.i.InteligentPotApplicationTests      : Starting InteligentPotApplicationTests on juranetbook-IdeaPad-S210-Touch with PID 27902 (started by jura-netbook in /home/jura-netbook/Documents/JAVA/inteligent-pot)
2017-09-11 10:07:43.701  INFO 27902 --- [main] i.c.i.InteligentPotApplicationTests      : No active profile set, falling back to default profiles: default
2017-09-11 10:07:43.818  INFO 27902 --- [main] s.c.a.AnnotationConfigApplicationContext : Refreshing org.springframework.context.annotation.AnnotationConfigApplicationContext@10d68fcd: startup date [Mon Sep 11 10:07:43 CEST 2017]; root of context hierarchy
2017-09-11 10:07:45.528  INFO 27902 --- [main] i.c.i.InteligentPotApplicationTests      : Started InteligentPotApplicationTests in 2.941 seconds (JVM running for 5.319)
2017-09-11 10:07:45.713  INFO 27902 --- [Thread-2] s.c.a.AnnotationConfigApplicationContext : Closing org.springframework.context.annotation.AnnotationConfigApplicationContext@10d68fcd: startup date [Mon Sep 11 10:07:43 CEST 2017]; root of context hierarchy
2017-09-11 10:16:27.587  INFO 2529 --- [main] i.c.i.InteligentPotApplication           : Starting InteligentPotApplication on juranetbook-IdeaPad-S210-Touch with PID 2529 (/home/jura-netbook/Documents/JAVA/inteligent-pot/target/classes started by jura-netbook in /home/jura-netbook/Documents/JAVA/inteligent-pot)
2017-09-11 10:16:27.638  INFO 2529 --- [main] i.c.i.InteligentPotApplication           : No active profile set, falling back to default profiles: default
2017-09-11 10:16:27.803  INFO 2529 --- [main] s.c.a.AnnotationConfigApplicationContext : Refreshing org.springframework.context.annotation.AnnotationConfigApplicationContext@6385cb26: startup date [Mon Sep 11 10:16:27 CEST 2017]; root of context hierarchy
2017-09-11 10:16:29.274  INFO 2529 --- [main] o.s.j.e.a.AnnotationMBeanExporter        : Registering beans for JMX exposure on startup
2017-09-11 10:16:29.321  INFO 2529 --- [main] i.c.i.InteligentPotApplication           : Started InteligentPotApplication in 3.029 seconds (JVM running for 5.193)
2017-09-11 10:16:29.323  INFO 2529 --- [Thread-2] s.c.a.AnnotationConfigApplicationContext : Closing org.springframework.context.annotation.AnnotationConfigApplicationContext@6385cb26: startup date [Mon Sep 11 10:16:27 CEST 2017]; root of context hierarchy
2017-09-11 10:16:29.326  INFO 2529 --- [Thread-2] o.s.j.e.a.AnnotationMBeanExporter        : Unregistering JMX-exposed beans on shutdown
2017-09-11 18:20:16.182  INFO 4870 --- [main] i.c.i.InteligentPotApplicationTests      : Starting InteligentPotApplicationTests on juranetbook-IdeaPad-S210-Touch with PID 4870 (started by jura-netbook in /home/jura-netbook/Documents/JAVA/inteligent-pot)
2017-09-11 18:20:16.224  INFO 4870 --- [main] i.c.i.InteligentPotApplicationTests      : No active profile set, falling back to default profiles: default
2017-09-11 18:20:16.347  INFO 4870 --- [main] s.c.a.AnnotationConfigApplicationContext : Refreshing org.springframework.context.annotation.AnnotationConfigApplicationContext@10d68fcd: startup date [Mon Sep 11 18:20:16 CEST 2017]; root of context hierarchy
2017-09-11 18:20:17.827  INFO 4870 --- [main] i.c.i.InteligentPotApplicationTests      : Started InteligentPotApplicationTests in 2.445 seconds (JVM running for 4.11)
2017-09-11 18:20:17.904  INFO 4870 --- [Thread-2] s.c.a.AnnotationConfigApplicationContext : Closing org.springframework.context.annotation.AnnotationConfigApplicationContext@10d68fcd: startup date [Mon Sep 11 18:20:16 CEST 2017]; root of context hierarchy
2017-09-11 18:22:23.170  INFO 4943 --- [main] i.c.i.InteligentPotApplication           : Starting InteligentPotApplication on juranetbook-IdeaPad-S210-Touch with PID 4943 (/home/jura-netbook/Documents/JAVA/inteligent-pot/target/classes started by jura-netbook in /home/jura-netbook/Documents/JAVA/inteligent-pot)
2017-09-11 18:22:23.182  INFO 4943 --- [main] i.c.i.InteligentPotApplication           : No active profile set, falling back to default profiles: default
2017-09-11 18:22:23.335  INFO 4943 --- [main] s.c.a.AnnotationConfigApplicationContext : Refreshing org.springframework.context.annotation.AnnotationConfigApplicationContext@6385cb26: startup date [Mon Sep 11 18:22:23 CEST 2017]; root of context hierarchy
2017-09-11 18:22:24.450  INFO 4943 --- [main] o.s.j.e.a.AnnotationMBeanExporter        : Registering beans for JMX exposure on startup
2017-09-11 18:22:24.492  INFO 4943 --- [main] i.c.i.InteligentPotApplication           : Started InteligentPotApplication in 2.117 seconds (JVM running for 4.027)
2017-09-11 18:22:24.494  INFO 4943 --- [Thread-2] s.c.a.AnnotationConfigApplicationContext : Closing org.springframework.context.annotation.AnnotationConfigApplicationContext@6385cb26: startup date [Mon Sep 11 18:22:23 CEST 2017]; root of context hierarchy
2017-09-11 18:22:24.498  INFO 4943 --- [Thread-2] o.s.j.e.a.AnnotationMBeanExporter        : Unregistering JMX-exposed beans on shutdown
2017-09-11 18:27:26.410  INFO 5162 --- [main] i.c.i.InteligentPotApplication           : Starting InteligentPotApplication on juranetbook-IdeaPad-S210-Touch with PID 5162 (/home/jura-netbook/Documents/JAVA/inteligent-pot/target/classes started by jura-netbook in /home/jura-netbook/Documents/JAVA/inteligent-pot)
2017-09-11 18:27:26.425  INFO 5162 --- [main] i.c.i.InteligentPotApplication           : No active profile set, falling back to default profiles: default
2017-09-11 18:27:26.691  INFO 5162 --- [main] ationConfigEmbeddedWebApplicationContext : Refreshing org.springframework.boot.context.embedded.AnnotationConfigEmbeddedWebApplicationContext@4461c7e3: startup date [Mon Sep 11 18:27:26 CEST 2017]; root of context hierarchy
2017-09-11 18:27:29.499  INFO 5162 --- [main] s.b.c.e.t.TomcatEmbeddedServletContainer : Tomcat initialized with port(s): 8081 (http)
2017-09-11 18:27:29.516  INFO 5162 --- [main] o.apache.catalina.core.StandardService   : Starting service [Tomcat]
2017-09-11 18:27:29.518  INFO 5162 --- [main] org.apache.catalina.core.StandardEngine  : Starting Servlet Engine: Apache Tomcat/8.5.16
2017-09-11 18:27:29.666  INFO 5162 --- [localhost-startStop-1] o.a.c.c.C.[Tomcat].[localhost].[/]       : Initializing Spring embedded WebApplicationContext
2017-09-11 18:27:29.668  INFO 5162 --- [localhost-startStop-1] o.s.web.context.ContextLoader            : Root WebApplicationContext: initialization completed in 2993 ms
2017-09-11 18:27:29.875  INFO 5162 --- [localhost-startStop-1] o.s.b.w.servlet.ServletRegistrationBean  : Mapping servlet: 'dispatcherServlet' to [/]
2017-09-11 18:27:29.884  INFO 5162 --- [localhost-startStop-1] o.s.b.w.servlet.FilterRegistrationBean   : Mapping filter: 'characterEncodingFilter' to: [/*]
2017-09-11 18:27:29.885  INFO 5162 --- [localhost-startStop-1] o.s.b.w.servlet.FilterRegistrationBean   : Mapping filter: 'hiddenHttpMethodFilter' to: [/*]
2017-09-11 18:27:29.885  INFO 5162 --- [localhost-startStop-1] o.s.b.w.servlet.FilterRegistrationBean   : Mapping filter: 'httpPutFormContentFilter' to: [/*]
2017-09-11 18:27:29.886  INFO 5162 --- [localhost-startStop-1] o.s.b.w.servlet.FilterRegistrationBean   : Mapping filter: 'requestContextFilter' to: [/*]
2017-09-11 18:27:30.450  INFO 5162 --- [main] s.w.s.m.m.a.RequestMappingHandlerAdapter : Looking for @ControllerAdvice: org.springframework.boot.context.embedded.AnnotationConfigEmbeddedWebApplicationContext@4461c7e3: startup date [Mon Sep 11 18:27:26 CEST 2017]; root of context hierarchy
2017-09-11 18:27:30.530  INFO 5162 --- [main] s.w.s.m.m.a.RequestMappingHandlerMapping : Mapped "{[/]}" onto public java.lang.String inteligentpot.com.inteligentpot.controller.potController.index()
2017-09-11 18:27:30.538  INFO 5162 --- [main] s.w.s.m.m.a.RequestMappingHandlerMapping : Mapped "{[/error],produces=[text/html]}" onto public org.springframework.web.servlet.ModelAndView org.springframework.boot.autoconfigure.web.BasicErrorController.errorHtml(javax.servlet.http.HttpServletRequest,javax.servlet.http.HttpServletResponse)
2017-09-11 18:27:30.539  INFO 5162 --- [main] s.w.s.m.m.a.RequestMappingHandlerMapping : Mapped "{[/error]}" onto public org.springframework.http.ResponseEntity<java.util.Map<java.lang.String, java.lang.Object>> org.springframework.boot.autoconfigure.web.BasicErrorController.error(javax.servlet.http.HttpServletRequest)
2017-09-11 18:27:30.589  INFO 5162 --- [main] o.s.w.s.handler.SimpleUrlHandlerMapping  : Mapped URL path [/webjars/**] onto handler of type [class org.springframework.web.servlet.resource.ResourceHttpRequestHandler]
2017-09-11 18:27:30.589  INFO 5162 --- [main] o.s.w.s.handler.SimpleUrlHandlerMapping  : Mapped URL path [/**] onto handler of type [class org.springframework.web.servlet.resource.ResourceHttpRequestHandler]
2017-09-11 18:27:30.639  INFO 5162 --- [main] o.s.w.s.handler.SimpleUrlHandlerMapping  : Mapped URL path [/**/favicon.ico] onto handler of type [class org.springframework.web.servlet.resource.ResourceHttpRequestHandler]
2017-09-11 18:27:30.872  INFO 5162 --- [main] o.s.j.e.a.AnnotationMBeanExporter        : Registering beans for JMX exposure on startup
2017-09-11 18:27:31.086  INFO 5162 --- [main] s.b.c.e.t.TomcatEmbeddedServletContainer : Tomcat started on port(s): 8081 (http)
2017-09-11 18:27:31.094  INFO 5162 --- [main] i.c.i.InteligentPotApplication           : Started InteligentPotApplication in 5.297 seconds (JVM running for 6.826)
2017-09-11 18:27:56.917  INFO 5162 --- [RMI TCP Connection(2)-127.0.0.1] inMXBeanRegistrar$SpringApplicationAdmin : Application shutdown requested.
2017-09-11 18:27:56.919  INFO 5162 --- [RMI TCP Connection(2)-127.0.0.1] ationConfigEmbeddedWebApplicationContext : Closing org.springframework.boot.context.embedded.AnnotationConfigEmbeddedWebApplicationContext@4461c7e3: startup date [Mon Sep 11 18:27:26 CEST 2017]; root of context hierarchy
2017-09-11 18:27:56.931  INFO 5162 --- [RMI TCP Connection(2)-127.0.0.1] o.s.j.e.a.AnnotationMBeanExporter        : Unregistering JMX-exposed beans on shutdown
2017-09-11 18:32:58.249  INFO 5543 --- [main] i.c.i.InteligentPotApplication           : Starting InteligentPotApplication on juranetbook-IdeaPad-S210-Touch with PID 5543 (/home/jura-netbook/Documents/JAVA/inteligent-pot/target/classes started by jura-netbook in /home/jura-netbook/Documents/JAVA/inteligent-pot)
2017-09-11 18:32:58.255  INFO 5543 --- [main] i.c.i.InteligentPotApplication           : No active profile set, falling back to default profiles: default
2017-09-11 18:32:58.392  INFO 5543 --- [main] ationConfigEmbeddedWebApplicationContext : Refreshing org.springframework.boot.context.embedded.AnnotationConfigEmbeddedWebApplicationContext@4461c7e3: startup date [Mon Sep 11 18:32:58 CEST 2017]; root of context hierarchy
2017-09-11 18:33:01.392  INFO 5543 --- [main] s.b.c.e.t.TomcatEmbeddedServletContainer : Tomcat initialized with port(s): 8081 (http)
2017-09-11 18:33:01.424  INFO 5543 --- [main] o.apache.catalina.core.StandardService   : Starting service [Tomcat]
2017-09-11 18:33:01.426  INFO 5543 --- [main] org.apache.catalina.core.StandardEngine  : Starting Servlet Engine: Apache Tomcat/8.5.16
2017-09-11 18:33:01.606  INFO 5543 --- [localhost-startStop-1] o.a.c.c.C.[Tomcat].[localhost].[/]       : Initializing Spring embedded WebApplicationContext
2017-09-11 18:33:01.607  INFO 5543 --- [localhost-startStop-1] o.s.web.context.ContextLoader            : Root WebApplicationContext: initialization completed in 3222 ms
2017-09-11 18:33:01.932  INFO 5543 --- [localhost-startStop-1] o.s.b.w.servlet.ServletRegistrationBean  : Mapping servlet: 'dispatcherServlet' to [/]
2017-09-11 18:33:01.941  INFO 5543 --- [localhost-startStop-1] o.s.b.w.servlet.FilterRegistrationBean   : Mapping filter: 'characterEncodingFilter' to: [/*]
2017-09-11 18:33:01.942  INFO 5543 --- [localhost-startStop-1] o.s.b.w.servlet.FilterRegistrationBean   : Mapping filter: 'hiddenHttpMethodFilter' to: [/*]
2017-09-11 18:33:01.943  INFO 5543 --- [localhost-startStop-1] o.s.b.w.servlet.FilterRegistrationBean   : Mapping filter: 'httpPutFormContentFilter' to: [/*]
2017-09-11 18:33:01.943  INFO 5543 --- [localhost-startStop-1] o.s.b.w.servlet.FilterRegistrationBean   : Mapping filter: 'requestContextFilter' to: [/*]
2017-09-11 18:33:02.791  INFO 5543 --- [main] s.w.s.m.m.a.RequestMappingHandlerAdapter : Looking for @ControllerAdvice: org.springframework.boot.context.embedded.AnnotationConfigEmbeddedWebApplicationContext@4461c7e3: startup date [Mon Sep 11 18:32:58 CEST 2017]; root of context hierarchy
2017-09-11 18:33:03.021  INFO 5543 --- [main] s.w.s.m.m.a.RequestMappingHandlerMapping : Mapped "{[/]}" onto public java.lang.String inteligentpot.com.inteligentpot.controller.potController.index()
2017-09-11 18:33:03.045  INFO 5543 --- [main] s.w.s.m.m.a.RequestMappingHandlerMapping : Mapped "{[/error],produces=[text/html]}" onto public org.springframework.web.servlet.ModelAndView org.springframework.boot.autoconfigure.web.BasicErrorController.errorHtml(javax.servlet.http.HttpServletRequest,javax.servlet.http.HttpServletResponse)
2017-09-11 18:33:03.046  INFO 5543 --- [main] s.w.s.m.m.a.RequestMappingHandlerMapping : Mapped "{[/error]}" onto public org.springframework.http.ResponseEntity<java.util.Map<java.lang.String, java.lang.Object>> org.springframework.boot.autoconfigure.web.BasicErrorController.error(javax.servlet.http.HttpServletRequest)
2017-09-11 18:33:03.139  INFO 5543 --- [main] o.s.w.s.handler.SimpleUrlHandlerMapping  : Mapped URL path [/webjars/**] onto handler of type [class org.springframework.web.servlet.resource.ResourceHttpRequestHandler]
2017-09-11 18:33:03.139  INFO 5543 --- [main] o.s.w.s.handler.SimpleUrlHandlerMapping  : Mapped URL path [/**] onto handler of type [class org.springframework.web.servlet.resource.ResourceHttpRequestHandler]
2017-09-11 18:33:03.213  INFO 5543 --- [main] o.s.w.s.handler.SimpleUrlHandlerMapping  : Mapped URL path [/**/favicon.ico] onto handler of type [class org.springframework.web.servlet.resource.ResourceHttpRequestHandler]
2017-09-11 18:33:03.547  INFO 5543 --- [main] o.s.j.e.a.AnnotationMBeanExporter        : Registering beans for JMX exposure on startup
2017-09-11 18:33:03.675  INFO 5543 --- [main] s.b.c.e.t.TomcatEmbeddedServletContainer : Tomcat started on port(s): 8081 (http)
2017-09-11 18:33:03.692  INFO 5543 --- [main] i.c.i.InteligentPotApplication           : Started InteligentPotApplication in 6.156 seconds (JVM running for 7.446)
2017-09-11 18:33:23.026  INFO 5543 --- [http-nio-8081-exec-1] o.a.c.c.C.[Tomcat].[localhost].[/]       : Initializing Spring FrameworkServlet 'dispatcherServlet'
2017-09-11 18:33:23.028  INFO 5543 --- [http-nio-8081-exec-1] o.s.web.servlet.DispatcherServlet        : FrameworkServlet 'dispatcherServlet': initialization started
2017-09-11 18:33:23.058  INFO 5543 --- [http-nio-8081-exec-1] o.s.web.servlet.DispatcherServlet        : FrameworkServlet 'dispatcherServlet': initialization completed in 30 ms
2017-09-11 18:35:15.007  INFO 5543 --- [RMI TCP Connection(2)-127.0.0.1] inMXBeanRegistrar$SpringApplicationAdmin : Application shutdown requested.
2017-09-11 18:35:15.008  INFO 5543 --- [RMI TCP Connection(2)-127.0.0.1] ationConfigEmbeddedWebApplicationContext : Closing org.springframework.boot.context.embedded.AnnotationConfigEmbeddedWebApplicationContext@4461c7e3: startup date [Mon Sep 11 18:32:58 CEST 2017]; root of context hierarchy
2017-09-11 18:35:15.015  INFO 5543 --- [RMI TCP Connection(2)-127.0.0.1] o.s.j.e.a.AnnotationMBeanExporter        : Unregistering JMX-exposed beans on shutdown
2017-09-11 18:35:25.006  INFO 5698 --- [main] i.c.i.InteligentPotApplication           : Starting InteligentPotApplication on juranetbook-IdeaPad-S210-Touch with PID 5698 (/home/jura-netbook/Documents/JAVA/inteligent-pot/target/classes started by jura-netbook in /home/jura-netbook/Documents/JAVA/inteligent-pot)
2017-09-11 18:35:25.011  INFO 5698 --- [main] i.c.i.InteligentPotApplication           : No active profile set, falling back to default profiles: default
2017-09-11 18:35:25.128  INFO 5698 --- [main] ationConfigEmbeddedWebApplicationContext : Refreshing org.springframework.boot.context.embedded.AnnotationConfigEmbeddedWebApplicationContext@4461c7e3: startup date [Mon Sep 11 18:35:25 CEST 2017]; root of context hierarchy
2017-09-11 18:35:27.386  INFO 5698 --- [main] s.b.c.e.t.TomcatEmbeddedServletContainer : Tomcat initialized with port(s): 8081 (http)
2017-09-11 18:35:27.403  INFO 5698 --- [main] o.apache.catalina.core.StandardService   : Starting service [Tomcat]
2017-09-11 18:35:27.404  INFO 5698 --- [main] org.apache.catalina.core.StandardEngine  : Starting Servlet Engine: Apache Tomcat/8.5.16
2017-09-11 18:35:27.541  INFO 5698 --- [localhost-startStop-1] o.a.c.c.C.[Tomcat].[localhost].[/]       : Initializing Spring embedded WebApplicationContext
2017-09-11 18:35:27.541  INFO 5698 --- [localhost-startStop-1] o.s.web.context.ContextLoader            : Root WebApplicationContext: initialization completed in 2418 ms
2017-09-11 18:35:27.730  INFO 5698 --- [localhost-startStop-1] o.s.b.w.servlet.ServletRegistrationBean  : Mapping servlet: 'dispatcherServlet' to [/]
2017-09-11 18:35:27.736  INFO 5698 --- [localhost-startStop-1] o.s.b.w.servlet.FilterRegistrationBean   : Mapping filter: 'characterEncodingFilter' to: [/*]
2017-09-11 18:35:27.737  INFO 5698 --- [localhost-startStop-1] o.s.b.w.servlet.FilterRegistrationBean   : Mapping filter: 'hiddenHttpMethodFilter' to: [/*]
2017-09-11 18:35:27.738  INFO 5698 --- [localhost-startStop-1] o.s.b.w.servlet.FilterRegistrationBean   : Mapping filter: 'httpPutFormContentFilter' to: [/*]
2017-09-11 18:35:27.738  INFO 5698 --- [localhost-startStop-1] o.s.b.w.servlet.FilterRegistrationBean   : Mapping filter: 'requestContextFilter' to: [/*]
2017-09-11 18:35:28.250  INFO 5698 --- [main] s.w.s.m.m.a.RequestMappingHandlerAdapter : Looking for @ControllerAdvice: org.springframework.boot.context.embedded.AnnotationConfigEmbeddedWebApplicationContext@4461c7e3: startup date [Mon Sep 11 18:35:25 CEST 2017]; root of context hierarchy
2017-09-11 18:35:28.329  INFO 5698 --- [main] s.w.s.m.m.a.RequestMappingHandlerMapping : Mapped "{[/main]}" onto public java.lang.String inteligentpot.com.inteligentpot.controller.potController.index()
2017-09-11 18:35:28.337  INFO 5698 --- [main] s.w.s.m.m.a.RequestMappingHandlerMapping : Mapped "{[/error],produces=[text/html]}" onto public org.springframework.web.servlet.ModelAndView org.springframework.boot.autoconfigure.web.BasicErrorController.errorHtml(javax.servlet.http.HttpServletRequest,javax.servlet.http.HttpServletResponse)
2017-09-11 18:35:28.338  INFO 5698 --- [main] s.w.s.m.m.a.RequestMappingHandlerMapping : Mapped "{[/error]}" onto public org.springframework.http.ResponseEntity<java.util.Map<java.lang.String, java.lang.Object>> org.springframework.boot.autoconfigure.web.BasicErrorController.error(javax.servlet.http.HttpServletRequest)
2017-09-11 18:35:28.384  INFO 5698 --- [main] o.s.w.s.handler.SimpleUrlHandlerMapping  : Mapped URL path [/webjars/**] onto handler of type [class org.springframework.web.servlet.resource.ResourceHttpRequestHandler]
2017-09-11 18:35:28.385  INFO 5698 --- [main] o.s.w.s.handler.SimpleUrlHandlerMapping  : Mapped URL path [/**] onto handler of type [class org.springframework.web.servlet.resource.ResourceHttpRequestHandler]
2017-09-11 18:35:28.436  INFO 5698 --- [main] o.s.w.s.handler.SimpleUrlHandlerMapping  : Mapped URL path [/**/favicon.ico] onto handler of type [class org.springframework.web.servlet.resource.ResourceHttpRequestHandler]
2017-09-11 18:35:28.647  INFO 5698 --- [main] o.s.j.e.a.AnnotationMBeanExporter        : Registering beans for JMX exposure on startup
2017-09-11 18:35:28.721  INFO 5698 --- [main] s.b.c.e.t.TomcatEmbeddedServletContainer : Tomcat started on port(s): 8081 (http)
2017-09-11 18:35:28.729  INFO 5698 --- [main] i.c.i.InteligentPotApplication           : Started InteligentPotApplication in 4.306 seconds (JVM running for 5.748)
2017-09-11 18:35:49.606  INFO 5698 --- [http-nio-8081-exec-1] o.a.c.c.C.[Tomcat].[localhost].[/]       : Initializing Spring FrameworkServlet 'dispatcherServlet'
2017-09-11 18:35:49.608  INFO 5698 --- [http-nio-8081-exec-1] o.s.web.servlet.DispatcherServlet        : FrameworkServlet 'dispatcherServlet': initialization started
2017-09-11 18:35:49.633  INFO 5698 --- [http-nio-8081-exec-1] o.s.web.servlet.DispatcherServlet        : FrameworkServlet 'dispatcherServlet': initialization completed in 25 ms
2017-09-11 18:40:22.381  INFO 5698 --- [RMI TCP Connection(2)-127.0.0.1] inMXBeanRegistrar$SpringApplicationAdmin : Application shutdown requested.
2017-09-11 18:40:22.382  INFO 5698 --- [RMI TCP Connection(2)-127.0.0.1] ationConfigEmbeddedWebApplicationContext : Closing org.springframework.boot.context.embedded.AnnotationConfigEmbeddedWebApplicationContext@4461c7e3: startup date [Mon Sep 11 18:35:25 CEST 2017]; root of context hierarchy
2017-09-11 18:40:22.385  INFO 5698 --- [RMI TCP Connection(2)-127.0.0.1] o.s.j.e.a.AnnotationMBeanExporter        : Unregistering JMX-exposed beans on shutdown
2017-09-11 18:40:25.934  INFO 5990 --- [main] i.c.i.InteligentPotApplication           : Starting InteligentPotApplication on juranetbook-IdeaPad-S210-Touch with PID 5990 (/home/jura-netbook/Documents/JAVA/inteligent-pot/target/classes started by jura-netbook in /home/jura-netbook/Documents/JAVA/inteligent-pot)
2017-09-11 18:40:25.948  INFO 5990 --- [main] i.c.i.InteligentPotApplication           : No active profile set, falling back to default profiles: default
2017-09-11 18:40:26.122  INFO 5990 --- [main] ationConfigEmbeddedWebApplicationContext : Refreshing org.springframework.boot.context.embedded.AnnotationConfigEmbeddedWebApplicationContext@4461c7e3: startup date [Mon Sep 11 18:40:26 CEST 2017]; root of context hierarchy
2017-09-11 18:40:28.305  INFO 5990 --- [main] s.b.c.e.t.TomcatEmbeddedServletContainer : Tomcat initialized with port(s): 8081 (http)
2017-09-11 18:40:28.321  INFO 5990 --- [main] o.apache.catalina.core.StandardService   : Starting service [Tomcat]
2017-09-11 18:40:28.322  INFO 5990 --- [main] org.apache.catalina.core.StandardEngine  : Starting Servlet Engine: Apache Tomcat/8.5.16
2017-09-11 18:40:28.422  INFO 5990 --- [localhost-startStop-1] o.a.c.c.C.[Tomcat].[localhost].[/]       : Initializing Spring embedded WebApplicationContext
2017-09-11 18:40:28.423  INFO 5990 --- [localhost-startStop-1] o.s.web.context.ContextLoader            : Root WebApplicationContext: initialization completed in 2313 ms
2017-09-11 18:40:28.592  INFO 5990 --- [localhost-startStop-1] o.s.b.w.servlet.ServletRegistrationBean  : Mapping servlet: 'dispatcherServlet' to [/]
2017-09-11 18:40:28.598  INFO 5990 --- [localhost-startStop-1] o.s.b.w.servlet.FilterRegistrationBean   : Mapping filter: 'characterEncodingFilter' to: [/*]
2017-09-11 18:40:28.599  INFO 5990 --- [localhost-startStop-1] o.s.b.w.servlet.FilterRegistrationBean   : Mapping filter: 'hiddenHttpMethodFilter' to: [/*]
2017-09-11 18:40:28.600  INFO 5990 --- [localhost-startStop-1] o.s.b.w.servlet.FilterRegistrationBean   : Mapping filter: 'httpPutFormContentFilter' to: [/*]
2017-09-11 18:40:28.600  INFO 5990 --- [localhost-startStop-1] o.s.b.w.servlet.FilterRegistrationBean   : Mapping filter: 'requestContextFilter' to: [/*]
2017-09-11 18:40:29.142  INFO 5990 --- [main] s.w.s.m.m.a.RequestMappingHandlerAdapter : Looking for @ControllerAdvice: org.springframework.boot.context.embedded.AnnotationConfigEmbeddedWebApplicationContext@4461c7e3: startup date [Mon Sep 11 18:40:26 CEST 2017]; root of context hierarchy
2017-09-11 18:40:29.251  INFO 5990 --- [main] s.w.s.m.m.a.RequestMappingHandlerMapping : Mapped "{[/main],methods=[GET]}" onto public java.lang.String inteligentpot.com.inteligentpot.controller.potController.index()
2017-09-11 18:40:29.260  INFO 5990 --- [main] s.w.s.m.m.a.RequestMappingHandlerMapping : Mapped "{[/error],produces=[text/html]}" onto public org.springframework.web.servlet.ModelAndView org.springframework.boot.autoconfigure.web.BasicErrorController.errorHtml(javax.servlet.http.HttpServletRequest,javax.servlet.http.HttpServletResponse)
2017-09-11 18:40:29.261  INFO 5990 --- [main] s.w.s.m.m.a.RequestMappingHandlerMapping : Mapped "{[/error]}" onto public org.springframework.http.ResponseEntity<java.util.Map<java.lang.String, java.lang.Object>> org.springframework.boot.autoconfigure.web.BasicErrorController.error(javax.servlet.http.HttpServletRequest)
2017-09-11 18:40:29.308  INFO 5990 --- [main] o.s.w.s.handler.SimpleUrlHandlerMapping  : Mapped URL path [/webjars/**] onto handler of type [class org.springframework.web.servlet.resource.ResourceHttpRequestHandler]
2017-09-11 18:40:29.309  INFO 5990 --- [main] o.s.w.s.handler.SimpleUrlHandlerMapping  : Mapped URL path [/**] onto handler of type [class org.springframework.web.servlet.resource.ResourceHttpRequestHandler]
2017-09-11 18:40:29.360  INFO 5990 --- [main] o.s.w.s.handler.SimpleUrlHandlerMapping  : Mapped URL path [/**/favicon.ico] onto handler of type [class org.springframework.web.servlet.resource.ResourceHttpRequestHandler]
2017-09-11 18:40:29.610  INFO 5990 --- [main] o.s.j.e.a.AnnotationMBeanExporter        : Registering beans for JMX exposure on startup
2017-09-11 18:40:29.713  INFO 5990 --- [main] s.b.c.e.t.TomcatEmbeddedServletContainer : Tomcat started on port(s): 8081 (http)
2017-09-11 18:40:29.722  INFO 5990 --- [main] i.c.i.InteligentPotApplication           : Started InteligentPotApplication in 4.43 seconds (JVM running for 5.588)
2017-09-11 18:40:39.506  INFO 5990 --- [http-nio-8081-exec-1] o.a.c.c.C.[Tomcat].[localhost].[/]       : Initializing Spring FrameworkServlet 'dispatcherServlet'
2017-09-11 18:40:39.508  INFO 5990 --- [http-nio-8081-exec-1] o.s.web.servlet.DispatcherServlet        : FrameworkServlet 'dispatcherServlet': initialization started
2017-09-11 18:40:39.529  INFO 5990 --- [http-nio-8081-exec-1] o.s.web.servlet.DispatcherServlet        : FrameworkServlet 'dispatcherServlet': initialization completed in 20 ms
